/home/jorge/jupyter_env/.ipynb_checkpoints/reflexion_saber_y_sombra-checkpoint.tex → reflexion_saber_y_sombra-checkpoint.tex
/home/jorge/jupyter_env/reflexion_saber_y_sombra.tex → reflexion_saber_y_sombra.tex
/home/jorge/jupyter_env/analisis_output.tex → analisis_output.tex
/home/jorge/.emacs.d/elpa/auctex-14.0.9/doc/tex-ref.tex → tex-ref.tex
/home/jorge/.emacs.d/elpa/auctex-14.0.9/etc/auctex-logo.tex → auctex-logo.tex
/home/jorge/.emacs.d/elpa/auctex-14.0.9/circ.tex → circ.tex
/home/jorge/.config/texstudio/templates/user/template_apa7.tex → template_apa7.tex
/home/jorge/recuperado/recup_dir.78/f29597256.tex → f29597256.tex
/home/jorge/recuperado/recup_dir.87/f29837664.tex → f29837664.tex
/home/jorge/recuperado/recup_dir.72/f26936288.tex → f26936288.tex
/home/jorge/recuperado/recup_dir.72/f26935192.tex → f26935192.tex
/home/jorge/recuperado/recup_dir.83/f29718768.tex → f29718768.tex
/home/jorge/recuperado/recup_dir.7/f12768384.tex → f12768384.tex
/home/jorge/recuperado/recup_dir.81/f29650840.tex → f29650840.tex
/home/jorge/recuperado/recup_dir.80/f29644064.tex → f29644064.tex
/home/jorge/recuperado/recup_dir.84/f29751696.tex → f29751696.tex
/home/jorge/recuperado/recup_dir.85/f29773824.tex → f29773824.tex
/home/jorge/Escritorio/identidadyperuanidad_3_3/fase3_2.tex/fase3_reto_2_SenorDeLosMilagros.tex → fase3_reto_2_SenorDeLosMilagros.tex
/home/jorge/Escritorio/identidadyperuanidad_3_3/fase3_2.tex/senor_milagros_caratula.tex → senor_milagros_caratula.tex
/home/jorge/Escritorio/identidadyperuanidad_3_3/trabajo-ic/ayona_Evangelio_Mestizaje_Peru2025.tex → ayona_Evangelio_Mestizaje_Peru2025.tex
/home/jorge/Escritorio/identidadyperuanidad_3_3/trabajo-ic/caratula.tex → caratula.tex
/home/jorge/Escritorio/identidadyperuanidad_3_3/fase3_3/estatua_pizarro.tex → estatua_pizarro.tex
/home/jorge/Escritorio/identidadyperuanidad_3_3/fase3_3/carta.tex → carta.tex
/home/jorge/Escritorio/identidadyperuanidad_3_3/fase3_3/estatua_pizarro_caratula.tex → estatua_pizarro_caratula.tex
/home/jorge/Escritorio/psicologia-analitica/poemas.tex → poemas.tex
/home/jorge/Escritorio/psicologia-analitica/rechazo-trabajo.tex → rechazo-trabajo.tex
/home/jorge/Escritorio/psicologia-analitica/mentiras.tex → mentiras.tex
/home/jorge/Escritorio/psicologia-analitica/situaciones.tex → situaciones.tex
/home/jorge/Escritorio/psicologia-analitica/animus.tex → animus.tex
/home/jorge/Escritorio/psicologia-analitica/dave-steward.tex → dave-steward.tex
/home/jorge/Escritorio/brief/portada/portada.tex → portada.tex
/home/jorge/Escritorio/brief/brief-psicologo.tex → brief-psicologo.tex
/home/jorge/Escritorio/mi-proyecto-academico/latex/plantilla-apa7.tex → plantilla-apa7.tex
/home/jorge/Escritorio/fuentes_tex/administracin.tex → administracin.tex
/home/jorge/Escritorio/fuentes_tex/guion_video_san_alberto_magno.tex → guion_video_san_alberto_magno.tex
/home/jorge/Escritorio/zetramsa-tesis/zetramsa.tex → zetramsa.tex
/home/jorge/Escritorio/creatividad-jungiana/san-francisco.tex → san-francisco.tex
/home/jorge/Escritorio/creatividad-jungiana/respaldo.tex → respaldo.tex
/home/jorge/Escritorio/creatividad-jungiana/suenhos-creatividad.tex → suenhos-creatividad.tex
/home/jorge/Escritorio/fase3_griego/reto2/main.tex → main.tex
/home/jorge/Escritorio/fase3_griego/reto2/caratula.tex → caratula_1752348055.tex
/home/jorge/Escritorio/fase3_griego/reto3/reto3_lucas1_1-5_analisis.tex → reto3_lucas1_1-5_analisis.tex
/home/jorge/Escritorio/fase3_griego/reto3/caratula.tex → caratula_1752348055.tex
/home/jorge/Escritorio/curso_latex/conversion/fin-miedo.tex → fin-miedo.tex
/home/jorge/Escritorio/curso_latex/conversion/conversion_fundamentalismo_palestina.tex → conversion_fundamentalismo_palestina.tex
/home/jorge/Escritorio/curso_latex/maria-kannon.tex → maria-kannon.tex
/home/jorge/Escritorio/curso_latex/prueba.tex → prueba.tex
/home/jorge/Escritorio/curso_latex/antiquaetnova/main.tex → main_1752348055.tex
/home/jorge/Escritorio/curso_latex/antiquaetnova/presentacion.tex → presentacion.tex
/home/jorge/Escritorio/curso_latex/refelxiones-presentes/reflexiones_presentes.tex → reflexiones_presentes.tex
/home/jorge/Escritorio/curso_latex/jung/bibliografia.tex → bibliografia.tex
/home/jorge/Escritorio/curso_latex/jung/politica.tex → politica.tex
/home/jorge/Escritorio/curso_latex/jung/separata-jung.tex → separata-jung.tex
/home/jorge/Escritorio/curso_latex/jung/individuacion.tex → individuacion.tex
/home/jorge/Escritorio/curso_latex/jung/marco-teorico.tex → marco-teorico.tex
/home/jorge/Escritorio/curso_latex/jung/evangelizacion.tex → evangelizacion.tex
/home/jorge/Escritorio/curso_latex/vejez/discriminacion.tex → discriminacion.tex
/home/jorge/Escritorio/curso_latex/ensayo_castillo.tex → ensayo_castillo.tex
/home/jorge/Escritorio/curso_latex/reflexion_IA_Terminator_AI.tex → reflexion_IA_Terminator_AI.tex
/home/jorge/Escritorio/curso_latex/documento.tex → documento.tex
/home/jorge/Escritorio/curso_latex/respuesta_ausencia_paterna.tex → respuesta_ausencia_paterna.tex
/home/jorge/Escritorio/curso_latex/banalidad/banalidad_del_mal.tex → banalidad_del_mal.tex
/home/jorge/Escritorio/curso_latex/tl/testimonio_pandemia.tex → testimonio_pandemia.tex
/home/jorge/Escritorio/curso_latex/tl/lista-libros.tex → lista-libros.tex
/home/jorge/Escritorio/curso_latex/tl/freud-jun-pablo.tex → freud-jun-pablo.tex
/home/jorge/Escritorio/curso_latex/tl/Teologia_de_la_Liberacion.tex → Teologia_de_la_Liberacion.tex
/home/jorge/Escritorio/curso_latex/tl/filosofia.tex → filosofia.tex
/home/jorge/Escritorio/curso_latex/tl/pachamama-corrido.tex → pachamama-corrido.tex
/home/jorge/Escritorio/curso_latex/tl/woke_vs_dsi.tex → woke_vs_dsi.tex
/home/jorge/Escritorio/curso_latex/tl/discriminacionpositiva.tex → discriminacionpositiva.tex
/home/jorge/Escritorio/curso_latex/tl/discriminacion-compensacion.tex → discriminacion-compensacion.tex
/home/jorge/Escritorio/curso_latex/tl/toulmin_pachamama.tex → toulmin_pachamama.tex
/home/jorge/Escritorio/curso_latex/tl/arquetipo-personal.tex → arquetipo-personal.tex
/home/jorge/Escritorio/curso_latex/tl/tissot_sombra.tex → tissot_sombra.tex
/home/jorge/Escritorio/curso_latex/tl/filosofia_oriental.tex → filosofia_oriental.tex
/home/jorge/Escritorio/curso_latex/tl/sombra-pastoral.tex → sombra-pastoral.tex
/home/jorge/Escritorio/curso_latex/tl/pobresvsdiscriminacionpositiva.tex → pobresvsdiscriminacionpositiva.tex
/home/jorge/Escritorio/curso_latex/tl/arquetipos-jungianos.tex → arquetipos-jungianos.tex
/home/jorge/Escritorio/curso_latex/tl/freud-jung.tex → freud-jung.tex
/home/jorge/Escritorio/curso_latex/tl/teologia_liberacion_revisada.tex → teologia_liberacion_revisada.tex
/home/jorge/Escritorio/curso_latex/tl/Teologia_Liberacion_vs_Pueblo.tex → Teologia_Liberacion_vs_Pueblo.tex
/home/jorge/Escritorio/curso_latex/tl/comparativa-jung-kant-hume.tex → comparativa-jung-kant-hume.tex
/home/jorge/Escritorio/curso_latex/tl/arquetipos-jung.tex → arquetipos-jung.tex
/home/jorge/Escritorio/curso_latex/diario24junio2025/main.tex → main_1752348061.tex
/home/jorge/Escritorio/Μαλετιν/trabajos-fase2/trabajo-sociedad-conocimiento/sociedad-conocimiento.tex → sociedad-conocimiento.tex
/home/jorge/Escritorio/Μαλετιν/trabajos-fase2/trabajo-sociedad-conocimiento/evangelii-gaudium.tex → evangelii-gaudium.tex
/home/jorge/Escritorio/Μαλετιν/trabajos-fase2/trabajo-eg/evangelii-gaudium.tex → evangelii-gaudium_1752348061.tex
/home/jorge/Escritorio/Μαλετιν/toulmin-solobiblia/sola_scriptura.tex → sola_scriptura.tex
/home/jorge/Escritorio/entornos-virtuales-trabajo-final-fase3/caratula-entornos-virtuales.tex → caratula-entornos-virtuales.tex
/home/jorge/Escritorio/entornos-virtuales-trabajo-final-fase3/main.tex → main_1752348061.tex
/home/jorge/Descargas/archivos-tex/articulo_teologico_creatividad_orcid_clickable.tex → articulo_teologico_creatividad_orcid_clickable.tex
/home/jorge/Descargas/archivos-tex/mapa_conceptual.tex → mapa_conceptual.tex
/home/jorge/Descargas/archivos-tex/Untitled1.tex → Untitled1.tex
/home/jorge/Descargas/archivos-tex/Recuperar- el -sentido- de la vida -en -tiempos- de- subjetivismo- moderno.tex → Recuperar- el -sentido- de la vida -en -tiempos- de- subjetivismo- moderno.tex
/home/jorge/Descargas/archivos-tex/libro.tex → libro.tex
/home/jorge/Descargas/archivos-tex/articulo_teologico_creatividad.tex → articulo_teologico_creatividad.tex
/home/jorge/Descargas/archivos-tex/articulo_teologico_creatividad_completo.tex → articulo_teologico_creatividad_completo.tex
/home/jorge/Descargas/principal-corregido.tex → principal-corregido.tex
/home/jorge/Descargas/ple/ple.tex → ple.tex
/home/jorge/Descargas/[ FreeCourseWeb.com ] Udemy - Your own LaTeX document - presentation, from scratch (2022)/~Get Your Files Here !/3. Formatting/7.1 main.tex → 7.1 main.tex
/home/jorge/Descargas/[ FreeCourseWeb.com ] Udemy - Your own LaTeX document - presentation, from scratch (2022)/~Get Your Files Here !/6. Referencing/main.tex → main_1752348061.tex
/home/jorge/Descargas/[ FreeCourseWeb.com ] Udemy - Your own LaTeX document - presentation, from scratch (2022)/~Get Your Files Here !/7. Tables and Figures/main.tex → main_1752348061.tex
/home/jorge/Descargas/[ FreeCourseWeb.com ] Udemy - Your own LaTeX document - presentation, from scratch (2022)/~Get Your Files Here !/8. Mathematical notation/main.tex → main_1752348061.tex
/home/jorge/Descargas/[ FreeCourseWeb.com ] Udemy - Your own LaTeX document - presentation, from scratch (2022)/~Get Your Files Here !/5. Additional Elements/introduction.tex → introduction.tex
/home/jorge/Descargas/[ FreeCourseWeb.com ] Udemy - Your own LaTeX document - presentation, from scratch (2022)/~Get Your Files Here !/5. Additional Elements/appendix.tex → appendix.tex
/home/jorge/Descargas/[ FreeCourseWeb.com ] Udemy - Your own LaTeX document - presentation, from scratch (2022)/~Get Your Files Here !/5. Additional Elements/model.tex → model.tex
/home/jorge/Descargas/[ FreeCourseWeb.com ] Udemy - Your own LaTeX document - presentation, from scratch (2022)/~Get Your Files Here !/5. Additional Elements/main.tex → main_1752348061.tex
/home/jorge/Descargas/[ FreeCourseWeb.com ] Udemy - Your own LaTeX document - presentation, from scratch (2022)/~Get Your Files Here !/5. Additional Elements/data.tex → data.tex
/home/jorge/Documentos/article.tex → article.tex
/home/jorge/Documentos/proyectos-latex/archivos/plantilla-article.tex → plantilla-article.tex
/home/jorge/Documentos/proyectos-latex/archivos/cv-simple.tex → cv-simple.tex
/home/jorge/Documentos/proyectos-latex/archivos/init.tex → init.tex
/home/jorge/Documentos/proyectos-latex/archivos/document.tex → document.tex
/home/jorge/Documentos/proyectos-latex/archivos/personalosmo.tex → personalosmo.tex
/home/jorge/Documentos/proyectos-latex/archivos/personalismo-critica.tex → personalismo-critica.tex
/home/jorge/Documentos/proyectos-latex/archivos/main.tex → main_1752348061.tex
/home/jorge/Documentos/proyectos-latex/archivos/fe-cultura.tex → fe-cultura.tex
/home/jorge/Documentos/proyectos-latex/latex_templates/presentaciones/beamer_basic.tex → beamer_basic.tex
/home/jorge/Documentos/proyectos-latex/latex_templates/articles/article_basic.tex → article_basic.tex
/home/jorge/Documentos/proyectos-latex/latex_templates/plantilla_ucsm_latex/ucsm_trabajo.tex → ucsm_trabajo.tex
/home/jorge/Documentos/proyectos-latex/latex_templates/APA/apa7_no_affiliation.tex → apa7_no_affiliation.tex
/home/jorge/Documentos/proyectos-latex/concurso-ucsm/que-es-teologia.tex → que-es-teologia.tex
